#
# There is insufficient memory for the Java Runtime Environment to continue.
# Native memory allocation (malloc) failed to allocate 369376 bytes for Chunk::new
# Possible reasons:
#   The system is out of physical RAM or swap space
#   In 32 bit mode, the process size limit was hit
# Possible solutions:
#   Reduce memory load on the system
#   Increase physical memory or swap space
#   Check if swap backing store is full
#   Use 64 bit Java on a 64 bit OS
#   Decrease Java heap size (-Xmx/-Xms)
#   Decrease number of Java threads
#   Decrease Java thread stack sizes (-Xss)
#   Set larger code cache with -XX:ReservedCodeCacheSize=
# This output file may be truncated or incomplete.
#
#  Out of Memory Error (allocation.cpp:390), pid=38660, tid=0x00000000000094a8
#
# JRE version: OpenJDK Runtime Environment (8.0_76-b03) (build 1.8.0_76-release-b03)
# Java VM: OpenJDK 64-Bit Server VM (25.76-b03 mixed mode windows-amd64 compressed oops)
# Failed to write core dump. Minidumps are not enabled by default on client versions of Windows
#

---------------  T H R E A D  ---------------

Current thread (0x0000000016596800):  JavaThread "C2 CompilerThread1" daemon [_thread_in_native, id=38056, stack(0x0000000016eb0000,0x0000000016fb0000)]

Stack: [0x0000000016eb0000,0x0000000016fb0000]
[error occurred during error reporting (printing stack bounds), id 0xc0000005]

Native frames: (J=compiled Java code, j=interpreted, Vv=VM code, C=native code)


Current CompileTask:
C2:   1159  718       4       com.android.dx.ssa.SsaBasicBlock::forEachInsn (37 bytes)


---------------  P R O C E S S  ---------------

Java Threads: ( => current thread )
  0x000000001681d800 JavaThread "pool-1-thread-4" [_thread_blocked, id=36940, stack(0x0000000017bb0000,0x0000000017cb0000)]
  0x000000001681c800 JavaThread "pool-1-thread-3" [_thread_blocked, id=36128, stack(0x0000000017aa0000,0x0000000017ba0000)]
  0x00000000166f4000 JavaThread "pool-1-thread-2" [_thread_blocked, id=37772, stack(0x0000000017040000,0x0000000017140000)]
  0x00000000166e5800 JavaThread "pool-2-thread-1" [_thread_in_vm, id=36772, stack(0x0000000017820000,0x0000000017920000)]
  0x00000000166e4800 JavaThread "pool-1-thread-1" [_thread_in_Java, id=35900, stack(0x0000000017680000,0x0000000017780000)]
  0x00000000165b1800 JavaThread "Service Thread" daemon [_thread_blocked, id=37668, stack(0x0000000017350000,0x0000000017450000)]
  0x0000000016598800 JavaThread "C1 CompilerThread2" daemon [_thread_blocked, id=37316, stack(0x0000000017140000,0x0000000017240000)]
=>0x0000000016596800 JavaThread "C2 CompilerThread1" daemon [_thread_in_native, id=38056, stack(0x0000000016eb0000,0x0000000016fb0000)]
  0x0000000016533000 JavaThread "C2 CompilerThread0" daemon [_thread_blocked, id=38052, stack(0x0000000016ce0000,0x0000000016de0000)]
  0x0000000016530000 JavaThread "Attach Listener" daemon [_thread_blocked, id=38068, stack(0x0000000016b40000,0x0000000016c40000)]
  0x0000000015186000 JavaThread "Signal Dispatcher" daemon [_thread_blocked, id=38064, stack(0x00000000169a0000,0x0000000016aa0000)]
  0x0000000015172800 JavaThread "Finalizer" daemon [_thread_blocked, id=38060, stack(0x0000000016420000,0x0000000016520000)]
  0x000000001512f000 JavaThread "Reference Handler" daemon [_thread_blocked, id=37724, stack(0x0000000016260000,0x0000000016360000)]
  0x0000000001d9e800 JavaThread "main" [_thread_in_vm, id=38888, stack(0x0000000002810000,0x0000000002910000)]

Other Threads:
  0x0000000015129800 VMThread [stack: 0x0000000016120000,0x0000000016220000] [id=38908]
  0x00000000165b4000 WatcherThread [stack: 0x0000000017520000,0x0000000017620000] [id=38032]

VM state:not at safepoint (normal execution)

VM Mutex/Monitor currently owned by a thread: None

Heap:
 PSYoungGen      total 38400K, used 21565K [0x00000000eab00000, 0x00000000ed580000, 0x0000000100000000)
  eden space 33280K, 64% used [0x00000000eab00000,0x00000000ec00f4b8,0x00000000ecb80000)
  from space 5120K, 0% used [0x00000000ed080000,0x00000000ed080000,0x00000000ed580000)
  to   space 5120K, 0% used [0x00000000ecb80000,0x00000000ecb80000,0x00000000ed080000)
 ParOldGen       total 87552K, used 0K [0x00000000c0000000, 0x00000000c5580000, 0x00000000eab00000)
  object space 87552K, 0% used [0x00000000c0000000,0x00000000c0000000,0x00000000c5580000)
 Metaspace       used 5648K, capacity 6704K, committed 6784K, reserved 1056768K
  class space    used 562K, capacity 616K, committed 640K, reserved 1048576K

Card table byte_map: [0x0000000011cd0000,0x0000000011ee0000] byte_map_base: 0x00000000116d0000

Marking Bits: (ParMarkBitMap*) 0x0000000051929d00
 Begin Bits: [0x00000000125a0000, 0x00000000135a0000)
 End Bits:   [0x00000000135a0000, 0x00000000145a0000)

Polling page: 0x0000000000330000

CodeCache: size=245760Kb used=2872Kb max_used=2872Kb free=242887Kb
 bounds [0x0000000002910000, 0x0000000002be0000, 0x0000000011910000]
 total_blobs=969 nmethods=703 adapters=178
 compilation: disabled (not enough contiguous free space left)

Compilation events (10 events):
Event: 0.764 Thread 0x0000000016598800 nmethod 676 0x0000000002bbf010 code [0x0000000002bbf1c0, 0x0000000002bbf778]
Event: 0.764 Thread 0x0000000016598800  686       3       java.util.HashSet::<init> (16 bytes)
Event: 0.764 Thread 0x0000000016598800 nmethod 686 0x0000000002bcbc50 code [0x0000000002bcbde0, 0x0000000002bcc1f0]
Event: 0.764 Thread 0x0000000016598800  683       3       com.android.dx.ssa.back.FirstFitLocalCombiningAllocator$1::processInsn (169 bytes)
Event: 0.764 Thread 0x0000000016533000 nmethod 714 0x0000000002bca890 code [0x0000000002bcaa00, 0x0000000002bcac28]
Event: 0.765 Thread 0x0000000016598800 nmethod 683 0x0000000002bcf210 code [0x0000000002bcf5c0, 0x0000000002bd1a68]
Event: 0.765 Thread 0x0000000016598800  680       3       com.android.dx.ssa.LiteralOpUpgrader$1::visitNonMoveInsn (203 bytes)
Event: 0.766 Thread 0x0000000016533000  722   !   4       com.android.dx.util.IntList::<init> (37 bytes)
Event: 0.767 Thread 0x0000000016533000 nmethod 722 0x0000000002bd2c90 code [0x0000000002bd2de0, 0x0000000002bd2f18]
Event: 0.767 Thread 0x0000000016598800 nmethod 680 0x0000000002bd2fd0 code [0x0000000002bd34a0, 0x0000000002bd6f48]

GC Heap History (0 events):
No events

Deoptimization events (8 events):
Event: 0.472 Thread 0x0000000001d9e800 Uncommon trap: reason=unstable_if action=reinterpret pc=0x0000000002a50d00 method=java.lang.String.indexOf(II)I @ 49
Event: 0.587 Thread 0x00000000166e4800 Uncommon trap: reason=class_check action=maybe_recompile pc=0x0000000002b505a0 method=com.android.dx.ssa.NormalSsaInsn.accept(Lcom/android/dx/ssa/SsaInsn$Visitor;)V @ 9
Event: 0.685 Thread 0x0000000001d9e800 Uncommon trap: reason=unstable_if action=reinterpret pc=0x0000000002b26510 method=java.util.HashMap.getNode(ILjava/lang/Object;)Ljava/util/HashMap$Node; @ 129
Event: 0.707 Thread 0x0000000001d9e800 Uncommon trap: reason=unstable_if action=reinterpret pc=0x0000000002b4fba4 method=java.util.BitSet.ensureCapacity(I)V @ 6
Event: 0.707 Thread 0x0000000001d9e800 Uncommon trap: reason=unstable_if action=reinterpret pc=0x0000000002b366e0 method=java.util.BitSet.nextSetBit(I)I @ 87
Event: 0.757 Thread 0x00000000166e4800 Uncommon trap: reason=class_check action=maybe_recompile pc=0x0000000002b505a0 method=com.android.dx.ssa.NormalSsaInsn.accept(Lcom/android/dx/ssa/SsaInsn$Visitor;)V @ 9
Event: 0.757 Thread 0x00000000166e4800 Uncommon trap: reason=class_check action=maybe_recompile pc=0x0000000002b505a0 method=com.android.dx.ssa.NormalSsaInsn.accept(Lcom/android/dx/ssa/SsaInsn$Visitor;)V @ 9
Event: 0.757 Thread 0x00000000166e4800 Uncommon trap: reason=class_check action=maybe_recompile pc=0x0000000002b505a0 method=com.android.dx.ssa.NormalSsaInsn.accept(Lcom/android/dx/ssa/SsaInsn$Visitor;)V @ 9

Internal exceptions (2 events):
Event: 0.054 Thread 0x0000000001d9e800 Exception <a 'java/lang/NoSuchMethodError': Method sun.misc.Unsafe.defineClass(Ljava/lang/String;[BII)Ljava/lang/Class; name or signature does not match> (0x00000000eab07cc0) thrown at [C:\src\android\AOSP-openjdk\external\jetbrains\jdk\hotspot\src\share\v4ÊþË#Û«?
Event: 0.054 Thread 0x0000000001d9e800 Exception <a 'java/lang/NoSuchMethodError': Method sun.misc.Unsafe.prefetchRead(Ljava/lang/Object;J)V name or signature does not match> (0x00000000eab07fa8) thrown at [C:\src\android\AOSP-openjdk\external\jetbrains\jdk\hotspot\src\share\vm\prims\jni.cpp, l

Events (10 events):
Event: 0.757 Thread 0x00000000166e4800 DEOPT PACKING pc=0x0000000002b505a0 sp=0x000000001777ea50
Event: 0.757 Thread 0x00000000166e4800 DEOPT UNPACKING pc=0x000000000295556a sp=0x000000001777e9e0 mode 2
Event: 0.757 Thread 0x00000000166e4800 Uncommon trap: trap_request=0xffffffde fr.pc=0x0000000002b505a0
Event: 0.757 Thread 0x00000000166e4800 DEOPT PACKING pc=0x0000000002b505a0 sp=0x000000001777ea50
Event: 0.757 Thread 0x00000000166e4800 DEOPT UNPACKING pc=0x000000000295556a sp=0x000000001777e9e0 mode 2
Event: 0.757 Thread 0x00000000166e4800 Uncommon trap: trap_request=0xffffffde fr.pc=0x0000000002b505a0
Event: 0.757 Thread 0x00000000166e4800 DEOPT PACKING pc=0x0000000002b505a0 sp=0x000000001777ea50
Event: 0.757 Thread 0x00000000166e4800 DEOPT UNPACKING pc=0x000000000295556a sp=0x000000001777e9e0 mode 2
Event: 0.767 Executing VM operation: ForceSafepoint
Event: 0.990 Executing VM operation: ForceSafepoint done


Dynamic libraries:
0x000000013f350000 - 0x000000013f381000 	D:\android-studio\jre\bin\java.exe
0x0000000077320000 - 0x00000000774ca000 	C:\Windows\SYSTEM32\ntdll.dll
0x0000000077100000 - 0x000000007721f000 	C:\Windows\system32\kernel32.dll
0x000007fefd330000 - 0x000007fefd39a000 	C:\Windows\system32\KERNELBASE.dll
0x000007fefe690000 - 0x000007fefe76b000 	C:\Windows\system32\ADVAPI32.dll
0x000007feff1a0000 - 0x000007feff23f000 	C:\Windows\system32\msvcrt.dll
0x000007fefe500000 - 0x000007fefe51f000 	C:\Windows\SYSTEM32\sechost.dll
0x000007feff390000 - 0x000007feff4bd000 	C:\Windows\system32\RPCRT4.dll
0x0000000077220000 - 0x000000007731a000 	C:\Windows\system32\USER32.dll
0x000007feff560000 - 0x000007feff5c7000 	C:\Windows\system32\GDI32.dll
0x000007fefeed0000 - 0x000007fefeede000 	C:\Windows\system32\LPK.dll
0x000007fefedd0000 - 0x000007fefee9b000 	C:\Windows\system32\USP10.dll
0x000007fefb980000 - 0x000007fefbb74000 	C:\Windows\WinSxS\amd64_microsoft.windows.common-controls_6595b64144ccf1df_6.0.7601.18837_none_fa3b1e3d17594757\COMCTL32.dll
0x000007fefed50000 - 0x000007fefedc1000 	C:\Windows\system32\SHLWAPI.dll
0x000007fefeea0000 - 0x000007fefeece000 	C:\Windows\system32\IMM32.DLL
0x000007fefe580000 - 0x000007fefe689000 	C:\Windows\system32\MSCTF.dll
0x0000000069cc0000 - 0x0000000069d92000 	D:\android-studio\jre\jre\bin\msvcr100.dll
0x0000000051170000 - 0x00000000519a4000 	D:\android-studio\jre\jre\bin\server\jvm.dll
0x000007fefc1f0000 - 0x000007fefc1f9000 	C:\Windows\system32\WSOCK32.dll
0x000007feff5d0000 - 0x000007feff61d000 	C:\Windows\system32\WS2_32.dll
0x000007feff620000 - 0x000007feff628000 	C:\Windows\system32\NSI.dll
0x000007fefaff0000 - 0x000007fefb02b000 	C:\Windows\system32\WINMM.dll
0x000007fefc3b0000 - 0x000007fefc3bc000 	C:\Windows\system32\VERSION.dll
0x00000000774f0000 - 0x00000000774f7000 	C:\Windows\system32\PSAPI.DLL
0x000007fefb970000 - 0x000007fefb97f000 	D:\android-studio\jre\jre\bin\verify.dll
0x000007fefac60000 - 0x000007fefac89000 	D:\android-studio\jre\jre\bin\java.dll
0x000007fefb950000 - 0x000007fefb966000 	D:\android-studio\jre\jre\bin\zip.dll
0x000007fefd650000 - 0x000007fefe3db000 	C:\Windows\system32\SHELL32.dll
0x000007fefe770000 - 0x000007fefe96c000 	C:\Windows\system32\ole32.dll
0x000007fefd280000 - 0x000007fefd28f000 	C:\Windows\system32\profapi.dll

VM Arguments:
jvm_args: -Djava.awt.headless=true -Xmx1024M -Dfile.encoding=GBK -Duser.country=CN -Duser.language=zh -Duser.variant 
java_command: com.android.dx.command.Main --dex --num-threads=4 --output E:\ASProject\ASProject\myapplication\build\intermediates\pre-dexed\debug\com.android.support-support-core-utils-24.2.1_182c3c90a99364045d645cf88871fe735548075e.jar E:\ASProject\ASProject\myapplication\build\intermediates\exploded-aar\com.android.support\support-core-utils\24.2.1\jars\classes.jar
java_class_path (initial): D:\sdk\build-tools\25.0.2\lib\dx.jar
Launcher Type: SUN_STANDARD

Environment Variables:
CLASSPATH=C:\Program Files\Java\jdk1.7.0_79\lib;C:\Program Files\Java\jdk1.7.0_79\lib\tools;C:\Program Files\Java\jdk1.8.0_60\lib\tools.jar;C:\Program Files\Java\jdk1.8.0_60\lib\dt.jar
PATH=C:\ProgramData\Oracle\Java\javapath;C:\Windows\system32;C:\Windows;C:\Windows\System32\Wbem;C:\Windows\System32\WindowsPowerShell\v1.0\;C:\Program Files\Java\jdk1.7.0_79\bin;C:\Program Files\Java\jre7\bin;D:\SVN\bin;D:\sdk\tools;D:\sdk\platform-tools;C:\Program Files\Java\jdk1.8.0_60\bin;D:\Python3.0;C:/Program Files (x86)/myeye 5.0/mysql5\bin;C:/Program Files (x86)/myeye 5.0/mysql5\bin;C:/Program Files (x86)/myeye 5.0/mysql5\bin;C:/Program Files (x86)/myeye 5.0/mysql5\bin;C:/Program Files (x86)/myeye 5.0/mysql5\bin;C:/Program Files (x86)/myeye 5.0/mysql5\bin;C:/Program Files (x86)/myeye 5.0/mysql5\bin;C:/Program Files (x86)/myeye 5.0/mysql5\bin;C:/Program Files (x86)/myeye 5.0/mysql5\bin;C:/Program Files (x86)/myeye 5.0/mysql5\bin;C:/Program Files (x86)/myeye 5.0/mysql5\bin;C:/Program Files (x86)/myeye 5.0/mysql5\bin;C:/Program Files (x86)/myeye 5.0/mysql5\bin;C:/Program Files (x86)/myeye 5.0/mysql5\bin;C:/Program Files (x86)/myeye 5.0/mysql5\bin;C:/Program Files (x86)/myeye 5.0/mysql5\bin;C:\Program Files\TortoiseGit\bin;C:/Program Files (x86)/myeye 5.0/mysql5\bin;C:/Program Files (x86)/myeye 5.0/mysql5\bin;C:/Program Files (x86)/myeye 5.0/mysql5\bin
USERNAME=Administrator
OS=Windows_NT
PROCESSOR_IDENTIFIER=Intel64 Family 6 Model 94 Stepping 3, GenuineIntel



---------------  S Y S T E M  ---------------

OS: Windows 7 , 64 bit Build 7601 (6.1.7601.23807)

CPU:total 4 (4 cores per cpu, 1 threads per core) family 6 model 94 stepping 3, cmov, cx8, fxsr, mmx, sse, sse2, sse3, ssse3, sse4.1, sse4.2, popcnt, avx, avx2, aes, clmul, erms, rtm, 3dnowpref, lzcnt, tsc, tscinvbit, bmi1, bmi2, adx

Memory: 4k page, physical 8295368k(1326844k free), swap 8817796k(203188k free)

vm_info: OpenJDK 64-Bit Server VM (25.76-b03) for windows-amd64 JRE (1.8.0_76-release-b03), built on Jun 29 2016 19:09:20 by "ralucas" with MS VC++ 10.0 (VS2010)

time: Fri Oct 20 17:28:41 2017
elapsed time: 1 seconds (0d 0h 0m 1s)

